<?xml version="1.0" encoding="UTF-8"?>
<!-- Generated by org.testng.reporters.JUnitXMLReporter -->
<testsuite ignored="0" hostname="DESKTOP-VC8K4RF" failures="1" tests="2" name="Test" time="25.487" errors="0" timestamp="2023-10-02T18:51:57 IST">
  <testcase classname="testCases.TC_001_AccountRegistration" name="test_Account_Reg" time="1.612"/>
  <testcase classname="testCases.TC_001_LoginTest" name="testLogin" time="11.02">
    <failure type="java.lang.AssertionError" message="expected [true] but found [false]">
      <![CDATA[java.lang.AssertionError: expected [true] but found [false]
at testCases.TC_001_LoginTest.testLogin(TC_001_LoginTest.java:24)
at java.base/java.util.ArrayList.forEach(ArrayList.java:1511)
... Removed 34 stack frames]]>
    </failure>
  </testcase> <!-- testLogin -->
</testsuite> <!-- Test -->
