<?xml version="1.0" encoding="UTF-8"?>
<testng-results ignored="0" total="2" passed="2" failed="0" skipped="0">
  <reporter-output>
  </reporter-output>
  <suite started-at="2023-10-03T15:08:28 IST" name="Suite" finished-at="2023-10-03T15:08:40 IST" duration-ms="11435">
    <groups>
      <group name="Master">
        <method signature="TC_001_AccountRegistration.test_Account_Reg()[pri:0, instance:testCases.TC_001_AccountRegistration@35dab4eb]" name="test_Account_Reg" class="testCases.TC_001_AccountRegistration"/>
        <method signature="TC_001_LoginTest.testLogin()[pri:0, instance:testCases.TC_001_LoginTest@18271936]" name="testLogin" class="testCases.TC_001_LoginTest"/>
      </group> <!-- Master -->
      <group name="Sanity">
        <method signature="TC_001_LoginTest.testLogin()[pri:0, instance:testCases.TC_001_LoginTest@18271936]" name="testLogin" class="testCases.TC_001_LoginTest"/>
      </group> <!-- Sanity -->
      <group name="Regression">
        <method signature="TC_001_AccountRegistration.test_Account_Reg()[pri:0, instance:testCases.TC_001_AccountRegistration@35dab4eb]" name="test_Account_Reg" class="testCases.TC_001_AccountRegistration"/>
      </group> <!-- Regression -->
    </groups>
    <test started-at="2023-10-03T15:08:28 IST" name="Test" finished-at="2023-10-03T15:08:40 IST" duration-ms="11435">
      <class name="testCases.TC_001_LoginTest">
        <test-method is-config="true" signature="setup()[pri:0, instance:testCases.TC_001_LoginTest@18271936]" started-at="2023-10-03T15:08:35 IST" name="setup" finished-at="2023-10-03T15:08:38 IST" duration-ms="3317" status="PASS">
          <reporter-output>
          </reporter-output>
        </test-method> <!-- setup -->
        <test-method signature="testLogin()[pri:0, instance:testCases.TC_001_LoginTest@18271936]" started-at="2023-10-03T15:08:38 IST" name="testLogin" finished-at="2023-10-03T15:08:40 IST" duration-ms="1359" status="PASS">
          <reporter-output>
          </reporter-output>
        </test-method> <!-- testLogin -->
        <test-method is-config="true" signature="tearDown()[pri:0, instance:testCases.TC_001_LoginTest@18271936]" started-at="2023-10-03T15:08:40 IST" name="tearDown" finished-at="2023-10-03T15:08:40 IST" duration-ms="94" status="PASS">
          <reporter-output>
          </reporter-output>
        </test-method> <!-- tearDown -->
      </class> <!-- testCases.TC_001_LoginTest -->
      <class name="testCases.TC_001_AccountRegistration">
        <test-method is-config="true" signature="setup()[pri:0, instance:testCases.TC_001_AccountRegistration@35dab4eb]" started-at="2023-10-03T15:08:29 IST" name="setup" finished-at="2023-10-03T15:08:33 IST" duration-ms="4461" status="PASS">
          <reporter-output>
          </reporter-output>
        </test-method> <!-- setup -->
        <test-method signature="test_Account_Reg()[pri:0, instance:testCases.TC_001_AccountRegistration@35dab4eb]" started-at="2023-10-03T15:08:33 IST" name="test_Account_Reg" finished-at="2023-10-03T15:08:35 IST" duration-ms="1859" status="PASS">
          <reporter-output>
          </reporter-output>
        </test-method> <!-- test_Account_Reg -->
        <test-method is-config="true" signature="tearDown()[pri:0, instance:testCases.TC_001_AccountRegistration@35dab4eb]" started-at="2023-10-03T15:08:35 IST" name="tearDown" finished-at="2023-10-03T15:08:35 IST" duration-ms="103" status="PASS">
          <reporter-output>
          </reporter-output>
        </test-method> <!-- tearDown -->
      </class> <!-- testCases.TC_001_AccountRegistration -->
    </test> <!-- Test -->
  </suite> <!-- Suite -->
</testng-results>
